<?xml version="1.0" encoding="UTF-8"?>
<!-- Generated by org.testng.reporters.JUnitReportReporter -->
<testsuite hostname="active35-Vostro-3800" failures="0" tests="2" name="Test.FirstAnnotation" time="0.011" errors="0" timestamp="2023-02-22T12:31:22 IST" skipped="0">
  <testcase classname="Test.FirstAnnotation" name="Testscript2" time="0.002"/>
  <system-out/>
  <testcase classname="Test.FirstAnnotation" name="Testscript1" time="0.009"/>
  <system-out/>
</testsuite> <!-- Test.FirstAnnotation -->
