<?xml version="1.0" encoding="UTF-8"?>
<!-- Generated by org.testng.reporters.JUnitReportReporter -->
<testsuite hostname="active35-Vostro-3800" failures="0" tests="1" name="Test.SecondAnno" time="0.007" errors="0" timestamp="2023-02-22T12:29:47 IST" skipped="0">
  <testcase classname="Test.SecondAnno" name="Bus" time="0.007"/>
  <system-out/>
</testsuite> <!-- Test.SecondAnno -->
